# JRE version: Java(TM) SE Runtime Environment (8.0_05-b13) (build 1.8.0_05-b13)
# Java VM: Java HotSpot(TM) 64-Bit Server VM (25.5-b02 mixed mode bsd-amd64 compressed oops)
Heap:
 PSYoungGen      total 31744K, used 27292K [0x000000076ab00000, 0x000000076d000000, 0x00000007c0000000)
  eden space 30208K, 86% used [0x000000076ab00000,0x000000076c45fda0,0x000000076c880000)
  from space 1536K, 85% used [0x000000076cb80000,0x000000076ccc7510,0x000000076cd00000)
  to   space 2560K, 0% used [0x000000076cd80000,0x000000076cd80000,0x000000076d000000)
 ParOldGen       total 14336K, used 9682K [0x00000006c0000000, 0x00000006c0e00000, 0x000000076ab00000)
  object space 14336K, 67% used [0x00000006c0000000,0x00000006c0974bd8,0x00000006c0e00000)
 Metaspace       used 22769K, capacity 23022K, committed 23168K, reserved 1069056K
  class space    used 3318K, capacity 3418K, committed 3456K, reserved 1048576K
GC Heap History (10 events):
Event: 1.359 GC heap before
{Heap before GC invocations=13 (full 0):
 PSYoungGen      total 23552K, used 21743K [0x000000076ab00000, 0x000000076c400000, 0x00000007c0000000)
  eden space 21504K, 98% used [0x000000076ab00000,0x000000076bfb3248,0x000000076c000000)
  from space 2048K, 26% used [0x000000076c200000,0x000000076c288c30,0x000000076c400000)
  to   space 2048K, 0% used [0x000000076c000000,0x000000076c000000,0x000000076c200000)
 ParOldGen       total 260608K, used 5008K [0x00000006c0000000, 0x00000006cfe80000, 0x000000076ab00000)
  object space 260608K, 1% used [0x00000006c0000000,0x00000006c04e4030,0x00000006cfe80000)
 Metaspace       used 20875K, capacity 21068K, committed 21296K, reserved 1067008K
  class space    used 3110K, capacity 3183K, committed 3200K, reserved 1048576K
Event: 1.362 GC heap after
Heap after GC invocations=13 (full 0):
 PSYoungGen      total 23552K, used 2048K [0x000000076ab00000, 0x000000076d200000, 0x00000007c0000000)
  eden space 21504K, 0% used [0x000000076ab00000,0x000000076ab00000,0x000000076c000000)
  from space 2048K, 100% used [0x000000076c000000,0x000000076c200000,0x000000076c200000)
  to   space 2560K, 0% used [0x000000076cf80000,0x000000076cf80000,0x000000076d200000)
 ParOldGen       total 260608K, used 5772K [0x00000006c0000000, 0x00000006cfe80000, 0x000000076ab00000)
  object space 260608K, 2% used [0x00000006c0000000,0x00000006c05a3360,0x00000006cfe80000)
 Metaspace       used 20875K, capacity 21068K, committed 21296K, reserved 1067008K
  class space    used 3110K, capacity 3183K, committed 3200K, reserved 1048576K
}
Event: 1.362 GC heap before
{Heap before GC invocations=14 (full 1):
 PSYoungGen      total 23552K, used 2048K [0x000000076ab00000, 0x000000076d200000, 0x00000007c0000000)
  eden space 21504K, 0% used [0x000000076ab00000,0x000000076ab00000,0x000000076c000000)
  from space 2048K, 100% used [0x000000076c000000,0x000000076c200000,0x000000076c200000)
  to   space 2560K, 0% used [0x000000076cf80000,0x000000076cf80000,0x000000076d200000)
 ParOldGen       total 260608K, used 5772K [0x00000006c0000000, 0x00000006cfe80000, 0x000000076ab00000)
  object space 260608K, 2% used [0x00000006c0000000,0x00000006c05a3360,0x00000006cfe80000)
 Metaspace       used 20875K, capacity 21068K, committed 21296K, reserved 1067008K
  class space    used 3110K, capacity 3183K, committed 3200K, reserved 1048576K
Event: 1.411 GC heap after
Heap after GC invocations=14 (full 1):
 PSYoungGen      total 23552K, used 0K [0x000000076ab00000, 0x000000076d200000, 0x00000007c0000000)
  eden space 21504K, 0% used [0x000000076ab00000,0x000000076ab00000,0x000000076c000000)
  from space 2048K, 0% used [0x000000076c000000,0x000000076c000000,0x000000076c200000)
  to   space 2560K, 0% used [0x000000076cf80000,0x000000076cf80000,0x000000076d200000)
 ParOldGen       total 9728K, used 6953K [0x00000006c0000000, 0x00000006c0980000, 0x000000076ab00000)
  object space 9728K, 71% used [0x00000006c0000000,0x00000006c06ca668,0x00000006c0980000)
 Metaspace       used 20875K, capacity 21068K, committed 21296K, reserved 1067008K
  class space    used 3110K, capacity 3183K, committed 3200K, reserved 1048576K
}
Event: 4.400 GC heap before
{Heap before GC invocations=15 (full 1):
 PSYoungGen      total 23552K, used 21504K [0x000000076ab00000, 0x000000076d200000, 0x00000007c0000000)
  eden space 21504K, 100% used [0x000000076ab00000,0x000000076c000000,0x000000076c000000)
  from space 2048K, 0% used [0x000000076c000000,0x000000076c000000,0x000000076c200000)
  to   space 2560K, 0% used [0x000000076cf80000,0x000000076cf80000,0x000000076d200000)
 ParOldGen       total 9728K, used 6953K [0x00000006c0000000, 0x00000006c0980000, 0x000000076ab00000)
  object space 9728K, 71% used [0x00000006c0000000,0x00000006c06ca668,0x00000006c0980000)
 Metaspace       used 22139K, capacity 22416K, committed 22656K, reserved 1069056K
  class space    used 3262K, capacity 3349K, committed 3456K, reserved 1048576K
Event: 4.403 GC heap after
Heap after GC invocations=15 (full 1):
 PSYoungGen      total 26112K, used 832K [0x000000076ab00000, 0x000000076d080000, 0x00000007c0000000)
  eden space 25088K, 0% used [0x000000076ab00000,0x000000076ab00000,0x000000076c380000)
  from space 1024K, 81% used [0x000000076cf80000,0x000000076d050000,0x000000076d080000)
  to   space 2560K, 0% used [0x000000076cb80000,0x000000076cb80000,0x000000076ce00000)
 ParOldGen       total 12288K, used 11057K [0x00000006c0000000, 0x00000006c0c00000, 0x000000076ab00000)
  object space 12288K, 89% used [0x00000006c0000000,0x00000006c0acc688,0x00000006c0c00000)
 Metaspace       used 22139K, capacity 22416K, committed 22656K, reserved 1069056K
  class space    used 3262K, capacity 3349K, committed 3456K, reserved 1048576K
}
Event: 4.403 GC heap before
{Heap before GC invocations=16 (full 2):
 PSYoungGen      total 26112K, used 832K [0x000000076ab00000, 0x000000076d080000, 0x00000007c0000000)
  eden space 25088K, 0% used [0x000000076ab00000,0x000000076ab00000,0x000000076c380000)
  from space 1024K, 81% used [0x000000076cf80000,0x000000076d050000,0x000000076d080000)
  to   space 2560K, 0% used [0x000000076cb80000,0x000000076cb80000,0x000000076ce00000)
 ParOldGen       total 12288K, used 11057K [0x00000006c0000000, 0x00000006c0c00000, 0x000000076ab00000)
  object space 12288K, 89% used [0x00000006c0000000,0x00000006c0acc688,0x00000006c0c00000)
 Metaspace       used 22139K, capacity 22416K, committed 22656K, reserved 1069056K
  class space    used 3262K, capacity 3349K, committed 3456K, reserved 1048576K
Event: 4.424 GC heap after
Heap after GC invocations=16 (full 2):
 PSYoungGen      total 26112K, used 0K [0x000000076ab00000, 0x000000076d080000, 0x00000007c0000000)
  eden space 25088K, 0% used [0x000000076ab00000,0x000000076ab00000,0x000000076c380000)
  from space 1024K, 0% used [0x000000076cf80000,0x000000076cf80000,0x000000076d080000)
  to   space 2560K, 0% used [0x000000076cb80000,0x000000076cb80000,0x000000076ce00000)
 ParOldGen       total 14336K, used 9674K [0x00000006c0000000, 0x00000006c0e00000, 0x000000076ab00000)
  object space 14336K, 67% used [0x00000006c0000000,0x00000006c0972bd8,0x00000006c0e00000)
 Metaspace       used 22139K, capacity 22416K, committed 22656K, reserved 1069056K
  class space    used 3262K, capacity 3349K, committed 3456K, reserved 1048576K
}
Event: 5.244 GC heap before
{Heap before GC invocations=17 (full 2):
 PSYoungGen      total 26112K, used 25088K [0x000000076ab00000, 0x000000076d080000, 0x00000007c0000000)
  eden space 25088K, 100% used [0x000000076ab00000,0x000000076c380000,0x000000076c380000)
  from space 1024K, 0% used [0x000000076cf80000,0x000000076cf80000,0x000000076d080000)
  to   space 2560K, 0% used [0x000000076cb80000,0x000000076cb80000,0x000000076ce00000)
 ParOldGen       total 14336K, used 9674K [0x00000006c0000000, 0x00000006c0e00000, 0x000000076ab00000)
  object space 14336K, 67% used [0x00000006c0000000,0x00000006c0972bd8,0x00000006c0e00000)
 Metaspace       used 22572K, capacity 22798K, committed 23168K, reserved 1069056K
  class space    used 3309K, capacity 3386K, committed 3456K, reserved 1048576K
Event: 5.246 GC heap after
Heap after GC invocations=17 (full 2):
 PSYoungGen      total 31744K, used 1309K [0x000000076ab00000, 0x000000076d000000, 0x00000007c0000000)
  eden space 30208K, 0% used [0x000000076ab00000,0x000000076ab00000,0x000000076c880000)
  from space 1536K, 85% used [0x000000076cb80000,0x000000076ccc7510,0x000000076cd00000)
  to   space 2560K, 0% used [0x000000076cd80000,0x000000076cd80000,0x000000076d000000)
 ParOldGen       total 14336K, used 9682K [0x00000006c0000000, 0x00000006c0e00000, 0x000000076ab00000)
  object space 14336K, 67% used [0x00000006c0000000,0x00000006c0974bd8,0x00000006c0e00000)
 Metaspace       used 22572K, capacity 22798K, committed 23168K, reserved 1069056K
  class space    used 3309K, capacity 3386K, committed 3456K, reserved 1048576K
}

