# JRE version: Java(TM) SE Runtime Environment (8.0_05-b13) (build 1.8.0_05-b13)
# Java VM: Java HotSpot(TM) 64-Bit Server VM (25.5-b02 mixed mode bsd-amd64 compressed oops)
Heap:
 PSYoungGen      total 33280K, used 5959K [0x000000076ab00000, 0x000000076d780000, 0x00000007c0000000)
  eden space 29184K, 6% used [0x000000076ab00000,0x000000076acd7008,0x000000076c780000)
  from space 4096K, 99% used [0x000000076cc80000,0x000000076d07afb0,0x000000076d080000)
  to   space 5120K, 0% used [0x000000076c780000,0x000000076c780000,0x000000076cc80000)
 ParOldGen       total 13824K, used 11293K [0x00000006c0000000, 0x00000006c0d80000, 0x000000076ab00000)
  object space 13824K, 81% used [0x00000006c0000000,0x00000006c0b07410,0x00000006c0d80000)
 Metaspace       used 23135K, capacity 23406K, committed 23680K, reserved 1069056K
  class space    used 3327K, capacity 3418K, committed 3456K, reserved 1048576K
GC Heap History (10 events):
Event: 1.772 GC heap before
{Heap before GC invocations=14 (full 1):
 PSYoungGen      total 23552K, used 2048K [0x000000076ab00000, 0x000000076d200000, 0x00000007c0000000)
  eden space 21504K, 0% used [0x000000076ab00000,0x000000076ab00000,0x000000076c000000)
  from space 2048K, 100% used [0x000000076c000000,0x000000076c200000,0x000000076c200000)
  to   space 2560K, 0% used [0x000000076cf80000,0x000000076cf80000,0x000000076d200000)
 ParOldGen       total 260608K, used 5723K [0x00000006c0000000, 0x00000006cfe80000, 0x000000076ab00000)
  object space 260608K, 2% used [0x00000006c0000000,0x00000006c0596c88,0x00000006cfe80000)
 Metaspace       used 20841K, capacity 21068K, committed 21296K, reserved 1067008K
  class space    used 3109K, capacity 3183K, committed 3200K, reserved 1048576K
Event: 1.822 GC heap after
Heap after GC invocations=14 (full 1):
 PSYoungGen      total 23552K, used 0K [0x000000076ab00000, 0x000000076d200000, 0x00000007c0000000)
  eden space 21504K, 0% used [0x000000076ab00000,0x000000076ab00000,0x000000076c000000)
  from space 2048K, 0% used [0x000000076c000000,0x000000076c000000,0x000000076c200000)
  to   space 2560K, 0% used [0x000000076cf80000,0x000000076cf80000,0x000000076d200000)
 ParOldGen       total 9728K, used 6960K [0x00000006c0000000, 0x00000006c0980000, 0x000000076ab00000)
  object space 9728K, 71% used [0x00000006c0000000,0x00000006c06cc310,0x00000006c0980000)
 Metaspace       used 20841K, capacity 21068K, committed 21296K, reserved 1067008K
  class space    used 3109K, capacity 3183K, committed 3200K, reserved 1048576K
}
Event: 4.166 GC heap before
{Heap before GC invocations=15 (full 1):
 PSYoungGen      total 23552K, used 21504K [0x000000076ab00000, 0x000000076d200000, 0x00000007c0000000)
  eden space 21504K, 100% used [0x000000076ab00000,0x000000076c000000,0x000000076c000000)
  from space 2048K, 0% used [0x000000076c000000,0x000000076c000000,0x000000076c200000)
  to   space 2560K, 0% used [0x000000076cf80000,0x000000076cf80000,0x000000076d200000)
 ParOldGen       total 9728K, used 6960K [0x00000006c0000000, 0x00000006c0980000, 0x000000076ab00000)
  object space 9728K, 71% used [0x00000006c0000000,0x00000006c06cc310,0x00000006c0980000)
 Metaspace       used 22102K, capacity 22352K, committed 22656K, reserved 1069056K
  class space    used 3263K, capacity 3349K, committed 3456K, reserved 1048576K
Event: 4.168 GC heap after
Heap after GC invocations=15 (full 1):
 PSYoungGen      total 28160K, used 2528K [0x000000076ab00000, 0x000000076d200000, 0x00000007c0000000)
  eden space 25600K, 0% used [0x000000076ab00000,0x000000076ab00000,0x000000076c400000)
  from space 2560K, 98% used [0x000000076cf80000,0x000000076d1f8010,0x000000076d200000)
  to   space 4096K, 0% used [0x000000076ca00000,0x000000076ca00000,0x000000076ce00000)
 ParOldGen       total 9728K, used 9248K [0x00000006c0000000, 0x00000006c0980000, 0x000000076ab00000)
  object space 9728K, 95% used [0x00000006c0000000,0x00000006c0908100,0x00000006c0980000)
 Metaspace       used 22102K, capacity 22352K, committed 22656K, reserved 1069056K
  class space    used 3263K, capacity 3349K, committed 3456K, reserved 1048576K
}
Event: 4.168 GC heap before
{Heap before GC invocations=16 (full 2):
 PSYoungGen      total 28160K, used 2528K [0x000000076ab00000, 0x000000076d200000, 0x00000007c0000000)
  eden space 25600K, 0% used [0x000000076ab00000,0x000000076ab00000,0x000000076c400000)
  from space 2560K, 98% used [0x000000076cf80000,0x000000076d1f8010,0x000000076d200000)
  to   space 4096K, 0% used [0x000000076ca00000,0x000000076ca00000,0x000000076ce00000)
 ParOldGen       total 9728K, used 9248K [0x00000006c0000000, 0x00000006c0980000, 0x000000076ab00000)
  object space 9728K, 95% used [0x00000006c0000000,0x00000006c0908100,0x00000006c0980000)
 Metaspace       used 22102K, capacity 22352K, committed 22656K, reserved 1069056K
  class space    used 3263K, capacity 3349K, committed 3456K, reserved 1048576K
Event: 4.205 GC heap after
Heap after GC invocations=16 (full 2):
 PSYoungGen      total 28160K, used 0K [0x000000076ab00000, 0x000000076d200000, 0x00000007c0000000)
  eden space 25600K, 0% used [0x000000076ab00000,0x000000076ab00000,0x000000076c400000)
  from space 2560K, 0% used [0x000000076cf80000,0x000000076cf80000,0x000000076d200000)
  to   space 4096K, 0% used [0x000000076ca00000,0x000000076ca00000,0x000000076ce00000)
 ParOldGen       total 13824K, used 9558K [0x00000006c0000000, 0x00000006c0d80000, 0x000000076ab00000)
  object space 13824K, 69% used [0x00000006c0000000,0x00000006c0955868,0x00000006c0d80000)
 Metaspace       used 22102K, capacity 22352K, committed 22656K, reserved 1069056K
  class space    used 3263K, capacity 3349K, committed 3456K, reserved 1048576K
}
Event: 11.128 GC heap before
{Heap before GC invocations=17 (full 2):
 PSYoungGen      total 28160K, used 25600K [0x000000076ab00000, 0x000000076d200000, 0x00000007c0000000)
  eden space 25600K, 100% used [0x000000076ab00000,0x000000076c400000,0x000000076c400000)
  from space 2560K, 0% used [0x000000076cf80000,0x000000076cf80000,0x000000076d200000)
  to   space 4096K, 0% used [0x000000076ca00000,0x000000076ca00000,0x000000076ce00000)
 ParOldGen       total 13824K, used 9558K [0x00000006c0000000, 0x00000006c0d80000, 0x000000076ab00000)
  object space 13824K, 69% used [0x00000006c0000000,0x00000006c0955868,0x00000006c0d80000)
 Metaspace       used 22927K, capacity 23182K, committed 23424K, reserved 1069056K
  class space    used 3318K, capacity 3386K, committed 3456K, reserved 1048576K
Event: 11.130 GC heap after
Heap after GC invocations=17 (full 2):
 PSYoungGen      total 32256K, used 1952K [0x000000076ab00000, 0x000000076d080000, 0x00000007c0000000)
  eden space 30208K, 0% used [0x000000076ab00000,0x000000076ab00000,0x000000076c880000)
  from space 2048K, 95% used [0x000000076ca00000,0x000000076cbe8000,0x000000076cc00000)
  to   space 4096K, 0% used [0x000000076cc80000,0x000000076cc80000,0x000000076d080000)
 ParOldGen       total 13824K, used 9566K [0x00000006c0000000, 0x00000006c0d80000, 0x000000076ab00000)
  object space 13824K, 69% used [0x00000006c0000000,0x00000006c0957868,0x00000006c0d80000)
 Metaspace       used 22927K, capacity 23182K, committed 23424K, reserved 1069056K
  class space    used 3318K, capacity 3386K, committed 3456K, reserved 1048576K
}
Event: 12.088 GC heap before
{Heap before GC invocations=18 (full 2):
 PSYoungGen      total 32256K, used 32160K [0x000000076ab00000, 0x000000076d080000, 0x00000007c0000000)
  eden space 30208K, 100% used [0x000000076ab00000,0x000000076c880000,0x000000076c880000)
  from space 2048K, 95% used [0x000000076ca00000,0x000000076cbe8000,0x000000076cc00000)
  to   space 4096K, 0% used [0x000000076cc80000,0x000000076cc80000,0x000000076d080000)
 ParOldGen       total 13824K, used 9566K [0x00000006c0000000, 0x00000006c0d80000, 0x000000076ab00000)
  object space 13824K, 69% used [0x00000006c0000000,0x00000006c0957868,0x00000006c0d80000)
 Metaspace       used 23133K, capacity 23342K, committed 23680K, reserved 1069056K
  class space    used 3327K, capacity 3418K, committed 3456K, reserved 1048576K
Event: 12.092 GC heap after
Heap after GC invocations=18 (full 2):
 PSYoungGen      total 33280K, used 4075K [0x000000076ab00000, 0x000000076d780000, 0x00000007c0000000)
  eden space 29184K, 0% used [0x000000076ab00000,0x000000076ab00000,0x000000076c780000)
  from space 4096K, 99% used [0x000000076cc80000,0x000000076d07afb0,0x000000076d080000)
  to   space 5120K, 0% used [0x000000076c780000,0x000000076c780000,0x000000076cc80000)
 ParOldGen       total 13824K, used 11293K [0x00000006c0000000, 0x00000006c0d80000, 0x000000076ab00000)
  object space 13824K, 81% used [0x00000006c0000000,0x00000006c0b07410,0x00000006c0d80000)
 Metaspace       used 23133K, capacity 23342K, committed 23680K, reserved 1069056K
  class space    used 3327K, capacity 3418K, committed 3456K, reserved 1048576K
}

