# JRE version: Java(TM) SE Runtime Environment (8.0_05-b13) (build 1.8.0_05-b13)
# Java VM: Java HotSpot(TM) 64-Bit Server VM (25.5-b02 mixed mode bsd-amd64 compressed oops)
Heap:
 PSYoungGen      total 32768K, used 5077K [0x000000076ab00000, 0x000000076d100000, 0x00000007c0000000)
  eden space 30720K, 9% used [0x000000076ab00000,0x000000076adf8c28,0x000000076c900000)
  from space 2048K, 99% used [0x000000076ca00000,0x000000076cbfcb38,0x000000076cc00000)
  to   space 4096K, 0% used [0x000000076cd00000,0x000000076cd00000,0x000000076d100000)
 ParOldGen       total 13824K, used 9689K [0x00000006c0000000, 0x00000006c0d80000, 0x000000076ab00000)
  object space 13824K, 70% used [0x00000006c0000000,0x00000006c09764e0,0x00000006c0d80000)
 Metaspace       used 22974K, capacity 23262K, committed 23424K, reserved 1069056K
  class space    used 3327K, capacity 3418K, committed 3456K, reserved 1048576K
GC Heap History (10 events):
Event: 1.381 GC heap before
{Heap before GC invocations=13 (full 0):
 PSYoungGen      total 23552K, used 21794K [0x000000076ab00000, 0x000000076c400000, 0x00000007c0000000)
  eden space 21504K, 98% used [0x000000076ab00000,0x000000076bfc7eb8,0x000000076c000000)
  from space 2048K, 25% used [0x000000076c200000,0x000000076c280c30,0x000000076c400000)
  to   space 2048K, 0% used [0x000000076c000000,0x000000076c000000,0x000000076c200000)
 ParOldGen       total 260608K, used 5056K [0x00000006c0000000, 0x00000006cfe80000, 0x000000076ab00000)
  object space 260608K, 1% used [0x00000006c0000000,0x00000006c04f0238,0x00000006cfe80000)
 Metaspace       used 20890K, capacity 21116K, committed 21296K, reserved 1067008K
  class space    used 3109K, capacity 3183K, committed 3200K, reserved 1048576K
Event: 1.384 GC heap after
Heap after GC invocations=13 (full 0):
 PSYoungGen      total 23552K, used 2048K [0x000000076ab00000, 0x000000076d200000, 0x00000007c0000000)
  eden space 21504K, 0% used [0x000000076ab00000,0x000000076ab00000,0x000000076c000000)
  from space 2048K, 100% used [0x000000076c000000,0x000000076c200000,0x000000076c200000)
  to   space 2560K, 0% used [0x000000076cf80000,0x000000076cf80000,0x000000076d200000)
 ParOldGen       total 260608K, used 5853K [0x00000006c0000000, 0x00000006cfe80000, 0x000000076ab00000)
  object space 260608K, 2% used [0x00000006c0000000,0x00000006c05b7568,0x00000006cfe80000)
 Metaspace       used 20890K, capacity 21116K, committed 21296K, reserved 1067008K
  class space    used 3109K, capacity 3183K, committed 3200K, reserved 1048576K
}
Event: 1.384 GC heap before
{Heap before GC invocations=14 (full 1):
 PSYoungGen      total 23552K, used 2048K [0x000000076ab00000, 0x000000076d200000, 0x00000007c0000000)
  eden space 21504K, 0% used [0x000000076ab00000,0x000000076ab00000,0x000000076c000000)
  from space 2048K, 100% used [0x000000076c000000,0x000000076c200000,0x000000076c200000)
  to   space 2560K, 0% used [0x000000076cf80000,0x000000076cf80000,0x000000076d200000)
 ParOldGen       total 260608K, used 5853K [0x00000006c0000000, 0x00000006cfe80000, 0x000000076ab00000)
  object space 260608K, 2% used [0x00000006c0000000,0x00000006c05b7568,0x00000006cfe80000)
 Metaspace       used 20890K, capacity 21116K, committed 21296K, reserved 1067008K
  class space    used 3109K, capacity 3183K, committed 3200K, reserved 1048576K
Event: 1.432 GC heap after
Heap after GC invocations=14 (full 1):
 PSYoungGen      total 23552K, used 0K [0x000000076ab00000, 0x000000076d200000, 0x00000007c0000000)
  eden space 21504K, 0% used [0x000000076ab00000,0x000000076ab00000,0x000000076c000000)
  from space 2048K, 0% used [0x000000076c000000,0x000000076c000000,0x000000076c200000)
  to   space 2560K, 0% used [0x000000076cf80000,0x000000076cf80000,0x000000076d200000)
 ParOldGen       total 9728K, used 6949K [0x00000006c0000000, 0x00000006c0980000, 0x000000076ab00000)
  object space 9728K, 71% used [0x00000006c0000000,0x00000006c06c9790,0x00000006c0980000)
 Metaspace       used 20890K, capacity 21116K, committed 21296K, reserved 1067008K
  class space    used 3109K, capacity 3183K, committed 3200K, reserved 1048576K
}
Event: 4.363 GC heap before
{Heap before GC invocations=15 (full 1):
 PSYoungGen      total 23552K, used 21504K [0x000000076ab00000, 0x000000076d200000, 0x00000007c0000000)
  eden space 21504K, 100% used [0x000000076ab00000,0x000000076c000000,0x000000076c000000)
  from space 2048K, 0% used [0x000000076c000000,0x000000076c000000,0x000000076c200000)
  to   space 2560K, 0% used [0x000000076cf80000,0x000000076cf80000,0x000000076d200000)
 ParOldGen       total 9728K, used 6949K [0x00000006c0000000, 0x00000006c0980000, 0x000000076ab00000)
  object space 9728K, 71% used [0x00000006c0000000,0x00000006c06c9790,0x00000006c0980000)
 Metaspace       used 22236K, capacity 22464K, committed 22912K, reserved 1069056K
  class space    used 3267K, capacity 3349K, committed 3456K, reserved 1048576K
Event: 4.366 GC heap after
Heap after GC invocations=15 (full 1):
 PSYoungGen      total 28160K, used 2528K [0x000000076ab00000, 0x000000076d200000, 0x00000007c0000000)
  eden space 25600K, 0% used [0x000000076ab00000,0x000000076ab00000,0x000000076c400000)
  from space 2560K, 98% used [0x000000076cf80000,0x000000076d1f8010,0x000000076d200000)
  to   space 4096K, 0% used [0x000000076ca00000,0x000000076ca00000,0x000000076ce00000)
 ParOldGen       total 9728K, used 9253K [0x00000006c0000000, 0x00000006c0980000, 0x000000076ab00000)
  object space 9728K, 95% used [0x00000006c0000000,0x00000006c0909580,0x00000006c0980000)
 Metaspace       used 22236K, capacity 22464K, committed 22912K, reserved 1069056K
  class space    used 3267K, capacity 3349K, committed 3456K, reserved 1048576K
}
Event: 4.366 GC heap before
{Heap before GC invocations=16 (full 2):
 PSYoungGen      total 28160K, used 2528K [0x000000076ab00000, 0x000000076d200000, 0x00000007c0000000)
  eden space 25600K, 0% used [0x000000076ab00000,0x000000076ab00000,0x000000076c400000)
  from space 2560K, 98% used [0x000000076cf80000,0x000000076d1f8010,0x000000076d200000)
  to   space 4096K, 0% used [0x000000076ca00000,0x000000076ca00000,0x000000076ce00000)
 ParOldGen       total 9728K, used 9253K [0x00000006c0000000, 0x00000006c0980000, 0x000000076ab00000)
  object space 9728K, 95% used [0x00000006c0000000,0x00000006c0909580,0x00000006c0980000)
 Metaspace       used 22236K, capacity 22464K, committed 22912K, reserved 1069056K
  class space    used 3267K, capacity 3349K, committed 3456K, reserved 1048576K
Event: 4.389 GC heap after
Heap after GC invocations=16 (full 2):
 PSYoungGen      total 28160K, used 0K [0x000000076ab00000, 0x000000076d200000, 0x00000007c0000000)
  eden space 25600K, 0% used [0x000000076ab00000,0x000000076ab00000,0x000000076c400000)
  from space 2560K, 0% used [0x000000076cf80000,0x000000076cf80000,0x000000076d200000)
  to   space 4096K, 0% used [0x000000076ca00000,0x000000076ca00000,0x000000076ce00000)
 ParOldGen       total 13824K, used 9681K [0x00000006c0000000, 0x00000006c0d80000, 0x000000076ab00000)
  object space 13824K, 70% used [0x00000006c0000000,0x00000006c09744e0,0x00000006c0d80000)
 Metaspace       used 22236K, capacity 22464K, committed 22912K, reserved 1069056K
  class space    used 3267K, capacity 3349K, committed 3456K, reserved 1048576K
}
Event: 8.364 GC heap before
{Heap before GC invocations=17 (full 2):
 PSYoungGen      total 28160K, used 25438K [0x000000076ab00000, 0x000000076d200000, 0x00000007c0000000)
  eden space 25600K, 99% used [0x000000076ab00000,0x000000076c3d7aa0,0x000000076c400000)
  from space 2560K, 0% used [0x000000076cf80000,0x000000076cf80000,0x000000076d200000)
  to   space 4096K, 0% used [0x000000076ca00000,0x000000076ca00000,0x000000076ce00000)
 ParOldGen       total 13824K, used 9681K [0x00000006c0000000, 0x00000006c0d80000, 0x000000076ab00000)
  object space 13824K, 70% used [0x00000006c0000000,0x00000006c09744e0,0x00000006c0d80000)
 Metaspace       used 22925K, capacity 23166K, committed 23424K, reserved 1069056K
  class space    used 3323K, capacity 3386K, committed 3456K, reserved 1048576K
Event: 8.366 GC heap after
Heap after GC invocations=17 (full 2):
 PSYoungGen      total 32768K, used 2034K [0x000000076ab00000, 0x000000076d100000, 0x00000007c0000000)
  eden space 30720K, 0% used [0x000000076ab00000,0x000000076ab00000,0x000000076c900000)
  from space 2048K, 99% used [0x000000076ca00000,0x000000076cbfcb38,0x000000076cc00000)
  to   space 4096K, 0% used [0x000000076cd00000,0x000000076cd00000,0x000000076d100000)
 ParOldGen       total 13824K, used 9689K [0x00000006c0000000, 0x00000006c0d80000, 0x000000076ab00000)
  object space 13824K, 70% used [0x00000006c0000000,0x00000006c09764e0,0x00000006c0d80000)
 Metaspace       used 22925K, capacity 23166K, committed 23424K, reserved 1069056K
  class space    used 3323K, capacity 3386K, committed 3456K, reserved 1048576K
}

