# JRE version: Java(TM) SE Runtime Environment (8.0_05-b13) (build 1.8.0_05-b13)
# Java VM: Java HotSpot(TM) 64-Bit Server VM (25.5-b02 mixed mode bsd-amd64 compressed oops)
Heap:
 PSYoungGen      total 37888K, used 10199K [0x000000076ab00000, 0x000000076e280000, 0x00000007c0000000)
  eden space 34816K, 29% used [0x000000076ab00000,0x000000076b4f5fb0,0x000000076cd00000)
  from space 3072K, 0% used [0x000000076cd00000,0x000000076cd00000,0x000000076d000000)
  to   space 3584K, 0% used [0x000000076df00000,0x000000076df00000,0x000000076e280000)
 ParOldGen       total 13824K, used 9747K [0x00000006c0000000, 0x00000006c0d80000, 0x000000076ab00000)
  object space 13824K, 70% used [0x00000006c0000000,0x00000006c0984fe8,0x00000006c0d80000)
 Metaspace       used 22726K, capacity 22958K, committed 23168K, reserved 1069056K
  class space    used 3319K, capacity 3418K, committed 3456K, reserved 1048576K
GC Heap History (10 events):
Event: 2.278 GC heap before
{Heap before GC invocations=13 (full 0):
 PSYoungGen      total 23552K, used 21953K [0x000000076ab00000, 0x000000076c400000, 0x00000007c0000000)
  eden space 21504K, 100% used [0x000000076ab00000,0x000000076c000000,0x000000076c000000)
  from space 2048K, 21% used [0x000000076c200000,0x000000076c270410,0x000000076c400000)
  to   space 2048K, 0% used [0x000000076c000000,0x000000076c000000,0x000000076c200000)
 ParOldGen       total 260608K, used 4934K [0x00000006c0000000, 0x00000006cfe80000, 0x000000076ab00000)
  object space 260608K, 1% used [0x00000006c0000000,0x00000006c04d18e8,0x00000006cfe80000)
 Metaspace       used 20900K, capacity 21132K, committed 21296K, reserved 1067008K
  class space    used 3109K, capacity 3183K, committed 3200K, reserved 1048576K
Event: 2.282 GC heap after
Heap after GC invocations=13 (full 0):
 PSYoungGen      total 23552K, used 2048K [0x000000076ab00000, 0x000000076d300000, 0x00000007c0000000)
  eden space 21504K, 0% used [0x000000076ab00000,0x000000076ab00000,0x000000076c000000)
  from space 2048K, 100% used [0x000000076c000000,0x000000076c200000,0x000000076c200000)
  to   space 3072K, 0% used [0x000000076d000000,0x000000076d000000,0x000000076d300000)
 ParOldGen       total 260608K, used 5861K [0x00000006c0000000, 0x00000006cfe80000, 0x000000076ab00000)
  object space 260608K, 2% used [0x00000006c0000000,0x00000006c05b9698,0x00000006cfe80000)
 Metaspace       used 20900K, capacity 21132K, committed 21296K, reserved 1067008K
  class space    used 3109K, capacity 3183K, committed 3200K, reserved 1048576K
}
Event: 2.288 GC heap before
{Heap before GC invocations=14 (full 0):
 PSYoungGen      total 23552K, used 2553K [0x000000076ab00000, 0x000000076d300000, 0x00000007c0000000)
  eden space 21504K, 2% used [0x000000076ab00000,0x000000076ab7e4b0,0x000000076c000000)
  from space 2048K, 100% used [0x000000076c000000,0x000000076c200000,0x000000076c200000)
  to   space 3072K, 0% used [0x000000076d000000,0x000000076d000000,0x000000076d300000)
 ParOldGen       total 260608K, used 5861K [0x00000006c0000000, 0x00000006cfe80000, 0x000000076ab00000)
  object space 260608K, 2% used [0x00000006c0000000,0x00000006c05b9698,0x00000006cfe80000)
 Metaspace       used 20902K, capacity 21132K, committed 21296K, reserved 1067008K
  class space    used 3109K, capacity 3183K, committed 3200K, reserved 1048576K
Event: 2.290 GC heap after
Heap after GC invocations=14 (full 0):
 PSYoungGen      total 37888K, used 224K [0x000000076ab00000, 0x000000076d300000, 0x00000007c0000000)
  eden space 34816K, 0% used [0x000000076ab00000,0x000000076ab00000,0x000000076cd00000)
  from space 3072K, 7% used [0x000000076d000000,0x000000076d038000,0x000000076d300000)
  to   space 3072K, 0% used [0x000000076cd00000,0x000000076cd00000,0x000000076d000000)
 ParOldGen       total 260608K, used 7926K [0x00000006c0000000, 0x00000006cfe80000, 0x000000076ab00000)
  object space 260608K, 3% used [0x00000006c0000000,0x00000006c07bdb08,0x00000006cfe80000)
 Metaspace       used 20902K, capacity 21132K, committed 21296K, reserved 1067008K
  class space    used 3109K, capacity 3183K, committed 3200K, reserved 1048576K
}
Event: 2.290 GC heap before
{Heap before GC invocations=15 (full 1):
 PSYoungGen      total 37888K, used 224K [0x000000076ab00000, 0x000000076d300000, 0x00000007c0000000)
  eden space 34816K, 0% used [0x000000076ab00000,0x000000076ab00000,0x000000076cd00000)
  from space 3072K, 7% used [0x000000076d000000,0x000000076d038000,0x000000076d300000)
  to   space 3072K, 0% used [0x000000076cd00000,0x000000076cd00000,0x000000076d000000)
 ParOldGen       total 260608K, used 7926K [0x00000006c0000000, 0x00000006cfe80000, 0x000000076ab00000)
  object space 260608K, 3% used [0x00000006c0000000,0x00000006c07bdb08,0x00000006cfe80000)
 Metaspace       used 20902K, capacity 21132K, committed 21296K, reserved 1067008K
  class space    used 3109K, capacity 3183K, committed 3200K, reserved 1048576K
Event: 2.339 GC heap after
Heap after GC invocations=15 (full 1):
 PSYoungGen      total 37888K, used 0K [0x000000076ab00000, 0x000000076d300000, 0x00000007c0000000)
  eden space 34816K, 0% used [0x000000076ab00000,0x000000076ab00000,0x000000076cd00000)
  from space 3072K, 0% used [0x000000076d000000,0x000000076d000000,0x000000076d300000)
  to   space 3072K, 0% used [0x000000076cd00000,0x000000076cd00000,0x000000076d000000)
 ParOldGen       total 10240K, used 6990K [0x00000006c0000000, 0x00000006c0a00000, 0x000000076ab00000)
  object space 10240K, 68% used [0x00000006c0000000,0x00000006c06d3b98,0x00000006c0a00000)
 Metaspace       used 20902K, capacity 21132K, committed 21296K, reserved 1067008K
  class space    used 3109K, capacity 3183K, committed 3200K, reserved 1048576K
}
Event: 4.649 GC heap before
{Heap before GC invocations=16 (full 1):
 PSYoungGen      total 37888K, used 34816K [0x000000076ab00000, 0x000000076d300000, 0x00000007c0000000)
  eden space 34816K, 100% used [0x000000076ab00000,0x000000076cd00000,0x000000076cd00000)
  from space 3072K, 0% used [0x000000076d000000,0x000000076d000000,0x000000076d300000)
  to   space 3072K, 0% used [0x000000076cd00000,0x000000076cd00000,0x000000076d000000)
 ParOldGen       total 10240K, used 6990K [0x00000006c0000000, 0x00000006c0a00000, 0x000000076ab00000)
  object space 10240K, 68% used [0x00000006c0000000,0x00000006c06d3b98,0x00000006c0a00000)
 Metaspace       used 22205K, capacity 22446K, committed 22656K, reserved 1069056K
  class space    used 3269K, capacity 3354K, committed 3456K, reserved 1048576K
Event: 4.652 GC heap after
Heap after GC invocations=16 (full 1):
 PSYoungGen      total 37888K, used 2880K [0x000000076ab00000, 0x000000076e280000, 0x00000007c0000000)
  eden space 34816K, 0% used [0x000000076ab00000,0x000000076ab00000,0x000000076cd00000)
  from space 3072K, 93% used [0x000000076cd00000,0x000000076cfd0010,0x000000076d000000)
  to   space 3584K, 0% used [0x000000076df00000,0x000000076df00000,0x000000076e280000)
 ParOldGen       total 10240K, used 9046K [0x00000006c0000000, 0x00000006c0a00000, 0x000000076ab00000)
  object space 10240K, 88% used [0x00000006c0000000,0x00000006c08d5ba8,0x00000006c0a00000)
 Metaspace       used 22205K, capacity 22446K, committed 22656K, reserved 1069056K
  class space    used 3269K, capacity 3354K, committed 3456K, reserved 1048576K
}
Event: 4.652 GC heap before
{Heap before GC invocations=17 (full 2):
 PSYoungGen      total 37888K, used 2880K [0x000000076ab00000, 0x000000076e280000, 0x00000007c0000000)
  eden space 34816K, 0% used [0x000000076ab00000,0x000000076ab00000,0x000000076cd00000)
  from space 3072K, 93% used [0x000000076cd00000,0x000000076cfd0010,0x000000076d000000)
  to   space 3584K, 0% used [0x000000076df00000,0x000000076df00000,0x000000076e280000)
 ParOldGen       total 10240K, used 9046K [0x00000006c0000000, 0x00000006c0a00000, 0x000000076ab00000)
  object space 10240K, 88% used [0x00000006c0000000,0x00000006c08d5ba8,0x00000006c0a00000)
 Metaspace       used 22205K, capacity 22446K, committed 22656K, reserved 1069056K
  class space    used 3269K, capacity 3354K, committed 3456K, reserved 1048576K
Event: 4.715 GC heap after
Heap after GC invocations=17 (full 2):
 PSYoungGen      total 37888K, used 0K [0x000000076ab00000, 0x000000076e280000, 0x00000007c0000000)
  eden space 34816K, 0% used [0x000000076ab00000,0x000000076ab00000,0x000000076cd00000)
  from space 3072K, 0% used [0x000000076cd00000,0x000000076cd00000,0x000000076d000000)
  to   space 3584K, 0% used [0x000000076df00000,0x000000076df00000,0x000000076e280000)
 ParOldGen       total 13824K, used 9747K [0x00000006c0000000, 0x00000006c0d80000, 0x000000076ab00000)
  object space 13824K, 70% used [0x00000006c0000000,0x00000006c0984fe8,0x00000006c0d80000)
 Metaspace       used 22205K, capacity 22446K, committed 22656K, reserved 1069056K
  class space    used 3269K, capacity 3354K, committed 3456K, reserved 1048576K
}

