# JRE version: Java(TM) SE Runtime Environment (8.0_05-b13) (build 1.8.0_05-b13)
# Java VM: Java HotSpot(TM) 64-Bit Server VM (25.5-b02 mixed mode bsd-amd64 compressed oops)
Heap:
 PSYoungGen      total 34816K, used 20129K [0x000000076ab00000, 0x000000076e380000, 0x00000007c0000000)
  eden space 30208K, 66% used [0x000000076ab00000,0x000000076bea85b8,0x000000076c880000)
  from space 4608K, 0% used [0x000000076c880000,0x000000076c880000,0x000000076cd00000)
  to   space 4608K, 0% used [0x000000076df00000,0x000000076df00000,0x000000076e380000)
 ParOldGen       total 14336K, used 9505K [0x00000006c0000000, 0x00000006c0e00000, 0x000000076ab00000)
  object space 14336K, 66% used [0x00000006c0000000,0x00000006c0948670,0x00000006c0e00000)
 Metaspace       used 23006K, capacity 23202K, committed 23424K, reserved 1069056K
  class space    used 3326K, capacity 3418K, committed 3456K, reserved 1048576K
GC Heap History (10 events):
Event: 1.148 GC heap before
{Heap before GC invocations=12 (full 0):
 PSYoungGen      total 14336K, used 13280K [0x000000076ab00000, 0x000000076c280000, 0x00000007c0000000)
  eden space 12288K, 100% used [0x000000076ab00000,0x000000076b700000,0x000000076b700000)
  from space 2048K, 48% used [0x000000076b700000,0x000000076b7f8000,0x000000076b900000)
  to   space 2048K, 0% used [0x000000076c080000,0x000000076c080000,0x000000076c280000)
 ParOldGen       total 260608K, used 3709K [0x00000006c0000000, 0x00000006cfe80000, 0x000000076ab00000)
  object space 260608K, 1% used [0x00000006c0000000,0x00000006c039f4d0,0x00000006cfe80000)
 Metaspace       used 14804K, capacity 14976K, committed 15232K, reserved 1062912K
  class space    used 2026K, capacity 2095K, committed 2176K, reserved 1048576K
Event: 1.150 GC heap after
Heap after GC invocations=12 (full 0):
 PSYoungGen      total 22016K, used 480K [0x000000076ab00000, 0x000000076c280000, 0x00000007c0000000)
  eden space 19968K, 0% used [0x000000076ab00000,0x000000076ab00000,0x000000076be80000)
  from space 2048K, 23% used [0x000000076c080000,0x000000076c0f8000,0x000000076c280000)
  to   space 2048K, 0% used [0x000000076be80000,0x000000076be80000,0x000000076c080000)
 ParOldGen       total 260608K, used 4569K [0x00000006c0000000, 0x00000006cfe80000, 0x000000076ab00000)
  object space 260608K, 1% used [0x00000006c0000000,0x00000006c04764e0,0x00000006cfe80000)
 Metaspace       used 14804K, capacity 14976K, committed 15232K, reserved 1062912K
  class space    used 2026K, capacity 2095K, committed 2176K, reserved 1048576K
}
Event: 1.908 GC heap before
{Heap before GC invocations=13 (full 0):
 PSYoungGen      total 22016K, used 20448K [0x000000076ab00000, 0x000000076c280000, 0x00000007c0000000)
  eden space 19968K, 100% used [0x000000076ab00000,0x000000076be80000,0x000000076be80000)
  from space 2048K, 23% used [0x000000076c080000,0x000000076c0f8000,0x000000076c280000)
  to   space 2048K, 0% used [0x000000076be80000,0x000000076be80000,0x000000076c080000)
 ParOldGen       total 260608K, used 4725K [0x00000006c0000000, 0x00000006cfe80000, 0x000000076ab00000)
  object space 260608K, 1% used [0x00000006c0000000,0x00000006c049d670,0x00000006cfe80000)
 Metaspace       used 19933K, capacity 20160K, committed 20224K, reserved 1067008K
  class space    used 2962K, capacity 3055K, committed 3072K, reserved 1048576K
Event: 1.912 GC heap after
Heap after GC invocations=13 (full 0):
 PSYoungGen      total 22016K, used 2032K [0x000000076ab00000, 0x000000076cf80000, 0x00000007c0000000)
  eden space 19968K, 0% used [0x000000076ab00000,0x000000076ab00000,0x000000076be80000)
  from space 2048K, 99% used [0x000000076be80000,0x000000076c07c010,0x000000076c080000)
  to   space 2560K, 0% used [0x000000076cd00000,0x000000076cd00000,0x000000076cf80000)
 ParOldGen       total 260608K, used 5657K [0x00000006c0000000, 0x00000006cfe80000, 0x000000076ab00000)
  object space 260608K, 2% used [0x00000006c0000000,0x00000006c0586430,0x00000006cfe80000)
 Metaspace       used 19933K, capacity 20160K, committed 20224K, reserved 1067008K
  class space    used 2962K, capacity 3055K, committed 3072K, reserved 1048576K
}
Event: 3.556 GC heap before
{Heap before GC invocations=14 (full 0):
 PSYoungGen      total 22016K, used 22000K [0x000000076ab00000, 0x000000076cf80000, 0x00000007c0000000)
  eden space 19968K, 100% used [0x000000076ab00000,0x000000076be80000,0x000000076be80000)
  from space 2048K, 99% used [0x000000076be80000,0x000000076c07c010,0x000000076c080000)
  to   space 2560K, 0% used [0x000000076cd00000,0x000000076cd00000,0x000000076cf80000)
 ParOldGen       total 260608K, used 5659K [0x00000006c0000000, 0x00000006cfe80000, 0x000000076ab00000)
  object space 260608K, 2% used [0x00000006c0000000,0x00000006c0586de0,0x00000006cfe80000)
 Metaspace       used 20942K, capacity 21188K, committed 21296K, reserved 1067008K
  class space    used 3085K, capacity 3157K, committed 3200K, reserved 1048576K
Event: 3.561 GC heap after
Heap after GC invocations=14 (full 0):
 PSYoungGen      total 32768K, used 2528K [0x000000076ab00000, 0x000000076d380000, 0x00000007c0000000)
  eden space 30208K, 0% used [0x000000076ab00000,0x000000076ab00000,0x000000076c880000)
  from space 2560K, 98% used [0x000000076cd00000,0x000000076cf78010,0x000000076cf80000)
  to   space 4608K, 0% used [0x000000076c880000,0x000000076c880000,0x000000076cd00000)
 ParOldGen       total 260608K, used 9816K [0x00000006c0000000, 0x00000006cfe80000, 0x000000076ab00000)
  object space 260608K, 3% used [0x00000006c0000000,0x00000006c09963d0,0x00000006cfe80000)
 Metaspace       used 20942K, capacity 21188K, committed 21296K, reserved 1067008K
  class space    used 3085K, capacity 3157K, committed 3200K, reserved 1048576K
}
Event: 3.741 GC heap before
{Heap before GC invocations=15 (full 0):
 PSYoungGen      total 32768K, used 19572K [0x000000076ab00000, 0x000000076d380000, 0x00000007c0000000)
  eden space 30208K, 56% used [0x000000076ab00000,0x000000076bba5320,0x000000076c880000)
  from space 2560K, 98% used [0x000000076cd00000,0x000000076cf78010,0x000000076cf80000)
  to   space 4608K, 0% used [0x000000076c880000,0x000000076c880000,0x000000076cd00000)
 ParOldGen       total 260608K, used 9816K [0x00000006c0000000, 0x00000006cfe80000, 0x000000076ab00000)
  object space 260608K, 3% used [0x00000006c0000000,0x00000006c09963d0,0x00000006cfe80000)
 Metaspace       used 21048K, capacity 21250K, committed 21296K, reserved 1067008K
  class space    used 3093K, capacity 3194K, committed 3200K, reserved 1048576K
Event: 3.744 GC heap after
Heap after GC invocations=15 (full 0):
 PSYoungGen      total 34816K, used 512K [0x000000076ab00000, 0x000000076e380000, 0x00000007c0000000)
  eden space 30208K, 0% used [0x000000076ab00000,0x000000076ab00000,0x000000076c880000)
  from space 4608K, 11% used [0x000000076c880000,0x000000076c900000,0x000000076cd00000)
  to   space 4608K, 0% used [0x000000076df00000,0x000000076df00000,0x000000076e380000)
 ParOldGen       total 260608K, used 14353K [0x00000006c0000000, 0x00000006cfe80000, 0x000000076ab00000)
  object space 260608K, 5% used [0x00000006c0000000,0x00000006c0e04400,0x00000006cfe80000)
 Metaspace       used 21048K, capacity 21250K, committed 21296K, reserved 1067008K
  class space    used 3093K, capacity 3194K, committed 3200K, reserved 1048576K
}
Event: 3.744 GC heap before
{Heap before GC invocations=16 (full 1):
 PSYoungGen      total 34816K, used 512K [0x000000076ab00000, 0x000000076e380000, 0x00000007c0000000)
  eden space 30208K, 0% used [0x000000076ab00000,0x000000076ab00000,0x000000076c880000)
  from space 4608K, 11% used [0x000000076c880000,0x000000076c900000,0x000000076cd00000)
  to   space 4608K, 0% used [0x000000076df00000,0x000000076df00000,0x000000076e380000)
 ParOldGen       total 260608K, used 14353K [0x00000006c0000000, 0x00000006cfe80000, 0x000000076ab00000)
  object space 260608K, 5% used [0x00000006c0000000,0x00000006c0e04400,0x00000006cfe80000)
 Metaspace       used 21048K, capacity 21250K, committed 21296K, reserved 1067008K
  class space    used 3093K, capacity 3194K, committed 3200K, reserved 1048576K
Event: 3.809 GC heap after
Heap after GC invocations=16 (full 1):
 PSYoungGen      total 34816K, used 0K [0x000000076ab00000, 0x000000076e380000, 0x00000007c0000000)
  eden space 30208K, 0% used [0x000000076ab00000,0x000000076ab00000,0x000000076c880000)
  from space 4608K, 0% used [0x000000076c880000,0x000000076c880000,0x000000076cd00000)
  to   space 4608K, 0% used [0x000000076df00000,0x000000076df00000,0x000000076e380000)
 ParOldGen       total 14336K, used 9505K [0x00000006c0000000, 0x00000006c0e00000, 0x000000076ab00000)
  object space 14336K, 66% used [0x00000006c0000000,0x00000006c0948670,0x00000006c0e00000)
 Metaspace       used 21048K, capacity 21250K, committed 21296K, reserved 1067008K
  class space    used 3093K, capacity 3194K, committed 3200K, reserved 1048576K
}

