# JRE version: Java(TM) SE Runtime Environment (8.0_05-b13) (build 1.8.0_05-b13)
# Java VM: Java HotSpot(TM) 64-Bit Server VM (25.5-b02 mixed mode bsd-amd64 compressed oops)
Heap:
 PSYoungGen      total 34816K, used 6110K [0x000000076ab00000, 0x000000076d780000, 0x00000007c0000000)
  eden space 32256K, 13% used [0x000000076ab00000,0x000000076af35358,0x000000076ca80000)
  from space 2560K, 70% used [0x000000076ca80000,0x000000076cc425a8,0x000000076cd00000)
  to   space 3072K, 0% used [0x000000076d480000,0x000000076d480000,0x000000076d780000)
 ParOldGen       total 13824K, used 9241K [0x00000006c0000000, 0x00000006c0d80000, 0x000000076ab00000)
  object space 13824K, 66% used [0x00000006c0000000,0x00000006c09066f0,0x00000006c0d80000)
 Metaspace       used 23042K, capacity 23266K, committed 23424K, reserved 1069056K
  class space    used 3327K, capacity 3418K, committed 3456K, reserved 1048576K
GC Heap History (10 events):
Event: 1.094 GC heap before
{Heap before GC invocations=12 (full 0):
 PSYoungGen      total 14336K, used 13424K [0x000000076ab00000, 0x000000076c280000, 0x00000007c0000000)
  eden space 12288K, 100% used [0x000000076ab00000,0x000000076b700000,0x000000076b700000)
  from space 2048K, 55% used [0x000000076b700000,0x000000076b81c030,0x000000076b900000)
  to   space 2048K, 0% used [0x000000076c080000,0x000000076c080000,0x000000076c280000)
 ParOldGen       total 260608K, used 3753K [0x00000006c0000000, 0x00000006cfe80000, 0x000000076ab00000)
  object space 260608K, 1% used [0x00000006c0000000,0x00000006c03aa500,0x00000006cfe80000)
 Metaspace       used 14801K, capacity 14976K, committed 15232K, reserved 1062912K
  class space    used 2027K, capacity 2095K, committed 2176K, reserved 1048576K
Event: 1.096 GC heap after
Heap after GC invocations=12 (full 0):
 PSYoungGen      total 22016K, used 517K [0x000000076ab00000, 0x000000076c280000, 0x00000007c0000000)
  eden space 19968K, 0% used [0x000000076ab00000,0x000000076ab00000,0x000000076be80000)
  from space 2048K, 25% used [0x000000076c080000,0x000000076c101530,0x000000076c280000)
  to   space 2048K, 0% used [0x000000076be80000,0x000000076be80000,0x000000076c080000)
 ParOldGen       total 260608K, used 4593K [0x00000006c0000000, 0x00000006cfe80000, 0x000000076ab00000)
  object space 260608K, 1% used [0x00000006c0000000,0x00000006c047c500,0x00000006cfe80000)
 Metaspace       used 14801K, capacity 14976K, committed 15232K, reserved 1062912K
  class space    used 2027K, capacity 2095K, committed 2176K, reserved 1048576K
}
Event: 1.852 GC heap before
{Heap before GC invocations=13 (full 0):
 PSYoungGen      total 22016K, used 20485K [0x000000076ab00000, 0x000000076c280000, 0x00000007c0000000)
  eden space 19968K, 100% used [0x000000076ab00000,0x000000076be80000,0x000000076be80000)
  from space 2048K, 25% used [0x000000076c080000,0x000000076c101530,0x000000076c280000)
  to   space 2048K, 0% used [0x000000076be80000,0x000000076be80000,0x000000076c080000)
 ParOldGen       total 260608K, used 4593K [0x00000006c0000000, 0x00000006cfe80000, 0x000000076ab00000)
  object space 260608K, 1% used [0x00000006c0000000,0x00000006c047c500,0x00000006cfe80000)
 Metaspace       used 19874K, capacity 20128K, committed 20224K, reserved 1067008K
  class space    used 2953K, capacity 3023K, committed 3072K, reserved 1048576K
Event: 1.855 GC heap after
Heap after GC invocations=13 (full 0):
 PSYoungGen      total 22016K, used 2048K [0x000000076ab00000, 0x000000076cf80000, 0x00000007c0000000)
  eden space 19968K, 0% used [0x000000076ab00000,0x000000076ab00000,0x000000076be80000)
  from space 2048K, 100% used [0x000000076be80000,0x000000076c080000,0x000000076c080000)
  to   space 2560K, 0% used [0x000000076cd00000,0x000000076cd00000,0x000000076cf80000)
 ParOldGen       total 260608K, used 5486K [0x00000006c0000000, 0x00000006cfe80000, 0x000000076ab00000)
  object space 260608K, 2% used [0x00000006c0000000,0x00000006c055b850,0x00000006cfe80000)
 Metaspace       used 19874K, capacity 20128K, committed 20224K, reserved 1067008K
  class space    used 2953K, capacity 3023K, committed 3072K, reserved 1048576K
}
Event: 4.508 GC heap before
{Heap before GC invocations=14 (full 0):
 PSYoungGen      total 22016K, used 17408K [0x000000076ab00000, 0x000000076cf80000, 0x00000007c0000000)
  eden space 19968K, 76% used [0x000000076ab00000,0x000000076ba00208,0x000000076be80000)
  from space 2048K, 100% used [0x000000076be80000,0x000000076c080000,0x000000076c080000)
  to   space 2560K, 0% used [0x000000076cd00000,0x000000076cd00000,0x000000076cf80000)
 ParOldGen       total 260608K, used 5486K [0x00000006c0000000, 0x00000006cfe80000, 0x000000076ab00000)
  object space 260608K, 2% used [0x00000006c0000000,0x00000006c055b850,0x00000006cfe80000)
 Metaspace       used 20947K, capacity 21158K, committed 21296K, reserved 1067008K
  class space    used 3077K, capacity 3152K, committed 3200K, reserved 1048576K
Event: 4.512 GC heap after
Heap after GC invocations=14 (full 0):
 PSYoungGen      total 34816K, used 736K [0x000000076ab00000, 0x000000076cf80000, 0x00000007c0000000)
  eden space 32256K, 0% used [0x000000076ab00000,0x000000076ab00000,0x000000076ca80000)
  from space 2560K, 28% used [0x000000076cd00000,0x000000076cdb8000,0x000000076cf80000)
  to   space 2560K, 0% used [0x000000076ca80000,0x000000076ca80000,0x000000076cd00000)
 ParOldGen       total 260608K, used 11559K [0x00000006c0000000, 0x00000006cfe80000, 0x000000076ab00000)
  object space 260608K, 4% used [0x00000006c0000000,0x00000006c0b49cf0,0x00000006cfe80000)
 Metaspace       used 20947K, capacity 21158K, committed 21296K, reserved 1067008K
  class space    used 3077K, capacity 3152K, committed 3200K, reserved 1048576K
}
Event: 4.512 GC heap before
{Heap before GC invocations=15 (full 1):
 PSYoungGen      total 34816K, used 736K [0x000000076ab00000, 0x000000076cf80000, 0x00000007c0000000)
  eden space 32256K, 0% used [0x000000076ab00000,0x000000076ab00000,0x000000076ca80000)
  from space 2560K, 28% used [0x000000076cd00000,0x000000076cdb8000,0x000000076cf80000)
  to   space 2560K, 0% used [0x000000076ca80000,0x000000076ca80000,0x000000076cd00000)
 ParOldGen       total 260608K, used 11559K [0x00000006c0000000, 0x00000006cfe80000, 0x000000076ab00000)
  object space 260608K, 4% used [0x00000006c0000000,0x00000006c0b49cf0,0x00000006cfe80000)
 Metaspace       used 20947K, capacity 21158K, committed 21296K, reserved 1067008K
  class space    used 3077K, capacity 3152K, committed 3200K, reserved 1048576K
Event: 4.582 GC heap after
Heap after GC invocations=15 (full 1):
 PSYoungGen      total 34816K, used 0K [0x000000076ab00000, 0x000000076cf80000, 0x00000007c0000000)
  eden space 32256K, 0% used [0x000000076ab00000,0x000000076ab00000,0x000000076ca80000)
  from space 2560K, 0% used [0x000000076cd00000,0x000000076cd00000,0x000000076cf80000)
  to   space 2560K, 0% used [0x000000076ca80000,0x000000076ca80000,0x000000076cd00000)
 ParOldGen       total 13824K, used 9233K [0x00000006c0000000, 0x00000006c0d80000, 0x000000076ab00000)
  object space 13824K, 66% used [0x00000006c0000000,0x00000006c09046f0,0x00000006c0d80000)
 Metaspace       used 20947K, capacity 21158K, committed 21296K, reserved 1067008K
  class space    used 3077K, capacity 3152K, committed 3200K, reserved 1048576K
}
Event: 5.492 GC heap before
{Heap before GC invocations=16 (full 1):
 PSYoungGen      total 34816K, used 32256K [0x000000076ab00000, 0x000000076cf80000, 0x00000007c0000000)
  eden space 32256K, 100% used [0x000000076ab00000,0x000000076ca80000,0x000000076ca80000)
  from space 2560K, 0% used [0x000000076cd00000,0x000000076cd00000,0x000000076cf80000)
  to   space 2560K, 0% used [0x000000076ca80000,0x000000076ca80000,0x000000076cd00000)
 ParOldGen       total 13824K, used 9233K [0x00000006c0000000, 0x00000006c0d80000, 0x000000076ab00000)
  object space 13824K, 66% used [0x00000006c0000000,0x00000006c09046f0,0x00000006c0d80000)
 Metaspace       used 22680K, capacity 22914K, committed 23168K, reserved 1069056K
  class space    used 3300K, capacity 3386K, committed 3456K, reserved 1048576K
Event: 5.495 GC heap after
Heap after GC invocations=16 (full 1):
 PSYoungGen      total 34816K, used 1801K [0x000000076ab00000, 0x000000076d780000, 0x00000007c0000000)
  eden space 32256K, 0% used [0x000000076ab00000,0x000000076ab00000,0x000000076ca80000)
  from space 2560K, 70% used [0x000000076ca80000,0x000000076cc425a8,0x000000076cd00000)
  to   space 3072K, 0% used [0x000000076d480000,0x000000076d480000,0x000000076d780000)
 ParOldGen       total 13824K, used 9241K [0x00000006c0000000, 0x00000006c0d80000, 0x000000076ab00000)
  object space 13824K, 66% used [0x00000006c0000000,0x00000006c09066f0,0x00000006c0d80000)
 Metaspace       used 22680K, capacity 22914K, committed 23168K, reserved 1069056K
  class space    used 3300K, capacity 3386K, committed 3456K, reserved 1048576K
}

