# JRE version: Java(TM) SE Runtime Environment (8.0_05-b13) (build 1.8.0_05-b13)
# Java VM: Java HotSpot(TM) 64-Bit Server VM (25.5-b02 mixed mode bsd-amd64 compressed oops)
Heap:
 PSYoungGen      total 28160K, used 23990K [0x000000076ab00000, 0x000000076d200000, 0x00000007c0000000)
  eden space 25600K, 93% used [0x000000076ab00000,0x000000076c26db18,0x000000076c400000)
  from space 2560K, 0% used [0x000000076cf80000,0x000000076cf80000,0x000000076d200000)
  to   space 4096K, 0% used [0x000000076ca00000,0x000000076ca00000,0x000000076ce00000)
 ParOldGen       total 13824K, used 9637K [0x00000006c0000000, 0x00000006c0d80000, 0x000000076ab00000)
  object space 13824K, 69% used [0x00000006c0000000,0x00000006c0969440,0x00000006c0d80000)
 Metaspace       used 22736K, capacity 23022K, committed 23168K, reserved 1069056K
  class space    used 3321K, capacity 3418K, committed 3456K, reserved 1048576K
GC Heap History (10 events):
Event: 1.328 GC heap before
{Heap before GC invocations=12 (full 0):
 PSYoungGen      total 15360K, used 14361K [0x000000076ab00000, 0x000000076c400000, 0x00000007c0000000)
  eden space 13312K, 100% used [0x000000076ab00000,0x000000076b800000,0x000000076b800000)
  from space 2048K, 51% used [0x000000076b800000,0x000000076b906520,0x000000076ba00000)
  to   space 2048K, 0% used [0x000000076c200000,0x000000076c200000,0x000000076c400000)
 ParOldGen       total 260608K, used 4237K [0x00000006c0000000, 0x00000006cfe80000, 0x000000076ab00000)
  object space 260608K, 1% used [0x00000006c0000000,0x00000006c0423428,0x00000006cfe80000)
 Metaspace       used 16119K, capacity 16332K, committed 16640K, reserved 1062912K
  class space    used 2210K, capacity 2287K, committed 2304K, reserved 1048576K
Event: 1.330 GC heap after
Heap after GC invocations=12 (full 0):
 PSYoungGen      total 23552K, used 520K [0x000000076ab00000, 0x000000076c400000, 0x00000007c0000000)
  eden space 21504K, 0% used [0x000000076ab00000,0x000000076ab00000,0x000000076c000000)
  from space 2048K, 25% used [0x000000076c200000,0x000000076c282020,0x000000076c400000)
  to   space 2048K, 0% used [0x000000076c000000,0x000000076c000000,0x000000076c200000)
 ParOldGen       total 260608K, used 5025K [0x00000006c0000000, 0x00000006cfe80000, 0x000000076ab00000)
  object space 260608K, 1% used [0x00000006c0000000,0x00000006c04e8448,0x00000006cfe80000)
 Metaspace       used 16119K, capacity 16332K, committed 16640K, reserved 1062912K
  class space    used 2210K, capacity 2287K, committed 2304K, reserved 1048576K
}
Event: 2.144 GC heap before
{Heap before GC invocations=13 (full 0):
 PSYoungGen      total 23552K, used 21493K [0x000000076ab00000, 0x000000076c400000, 0x00000007c0000000)
  eden space 21504K, 97% used [0x000000076ab00000,0x000000076bf7b6b0,0x000000076c000000)
  from space 2048K, 25% used [0x000000076c200000,0x000000076c282020,0x000000076c400000)
  to   space 2048K, 0% used [0x000000076c000000,0x000000076c000000,0x000000076c200000)
 ParOldGen       total 260608K, used 5025K [0x00000006c0000000, 0x00000006cfe80000, 0x000000076ab00000)
  object space 260608K, 1% used [0x00000006c0000000,0x00000006c04e8448,0x00000006cfe80000)
 Metaspace       used 20874K, capacity 21068K, committed 21296K, reserved 1067008K
  class space    used 3109K, capacity 3183K, committed 3200K, reserved 1048576K
Event: 2.147 GC heap after
Heap after GC invocations=13 (full 0):
 PSYoungGen      total 23552K, used 2048K [0x000000076ab00000, 0x000000076d200000, 0x00000007c0000000)
  eden space 21504K, 0% used [0x000000076ab00000,0x000000076ab00000,0x000000076c000000)
  from space 2048K, 100% used [0x000000076c000000,0x000000076c200000,0x000000076c200000)
  to   space 2560K, 0% used [0x000000076cf80000,0x000000076cf80000,0x000000076d200000)
 ParOldGen       total 260608K, used 5793K [0x00000006c0000000, 0x00000006cfe80000, 0x000000076ab00000)
  object space 260608K, 2% used [0x00000006c0000000,0x00000006c05a8788,0x00000006cfe80000)
 Metaspace       used 20874K, capacity 21068K, committed 21296K, reserved 1067008K
  class space    used 3109K, capacity 3183K, committed 3200K, reserved 1048576K
}
Event: 2.147 GC heap before
{Heap before GC invocations=14 (full 1):
 PSYoungGen      total 23552K, used 2048K [0x000000076ab00000, 0x000000076d200000, 0x00000007c0000000)
  eden space 21504K, 0% used [0x000000076ab00000,0x000000076ab00000,0x000000076c000000)
  from space 2048K, 100% used [0x000000076c000000,0x000000076c200000,0x000000076c200000)
  to   space 2560K, 0% used [0x000000076cf80000,0x000000076cf80000,0x000000076d200000)
 ParOldGen       total 260608K, used 5793K [0x00000006c0000000, 0x00000006cfe80000, 0x000000076ab00000)
  object space 260608K, 2% used [0x00000006c0000000,0x00000006c05a8788,0x00000006cfe80000)
 Metaspace       used 20874K, capacity 21068K, committed 21296K, reserved 1067008K
  class space    used 3109K, capacity 3183K, committed 3200K, reserved 1048576K
Event: 2.198 GC heap after
Heap after GC invocations=14 (full 1):
 PSYoungGen      total 23552K, used 0K [0x000000076ab00000, 0x000000076d200000, 0x00000007c0000000)
  eden space 21504K, 0% used [0x000000076ab00000,0x000000076ab00000,0x000000076c000000)
  from space 2048K, 0% used [0x000000076c000000,0x000000076c000000,0x000000076c200000)
  to   space 2560K, 0% used [0x000000076cf80000,0x000000076cf80000,0x000000076d200000)
 ParOldGen       total 9728K, used 6972K [0x00000006c0000000, 0x00000006c0980000, 0x000000076ab00000)
  object space 9728K, 71% used [0x00000006c0000000,0x00000006c06cf270,0x00000006c0980000)
 Metaspace       used 20874K, capacity 21068K, committed 21296K, reserved 1067008K
  class space    used 3109K, capacity 3183K, committed 3200K, reserved 1048576K
}
Event: 3.809 GC heap before
{Heap before GC invocations=15 (full 1):
 PSYoungGen      total 23552K, used 21504K [0x000000076ab00000, 0x000000076d200000, 0x00000007c0000000)
  eden space 21504K, 100% used [0x000000076ab00000,0x000000076c000000,0x000000076c000000)
  from space 2048K, 0% used [0x000000076c000000,0x000000076c000000,0x000000076c200000)
  to   space 2560K, 0% used [0x000000076cf80000,0x000000076cf80000,0x000000076d200000)
 ParOldGen       total 9728K, used 6972K [0x00000006c0000000, 0x00000006c0980000, 0x000000076ab00000)
  object space 9728K, 71% used [0x00000006c0000000,0x00000006c06cf270,0x00000006c0980000)
 Metaspace       used 22070K, capacity 22352K, committed 22656K, reserved 1069056K
  class space    used 3263K, capacity 3349K, committed 3456K, reserved 1048576K
Event: 3.812 GC heap after
Heap after GC invocations=15 (full 1):
 PSYoungGen      total 28160K, used 2528K [0x000000076ab00000, 0x000000076d200000, 0x00000007c0000000)
  eden space 25600K, 0% used [0x000000076ab00000,0x000000076ab00000,0x000000076c400000)
  from space 2560K, 98% used [0x000000076cf80000,0x000000076d1f8010,0x000000076d200000)
  to   space 4096K, 0% used [0x000000076ca00000,0x000000076ca00000,0x000000076ce00000)
 ParOldGen       total 9728K, used 9268K [0x00000006c0000000, 0x00000006c0980000, 0x000000076ab00000)
  object space 9728K, 95% used [0x00000006c0000000,0x00000006c090d060,0x00000006c0980000)
 Metaspace       used 22070K, capacity 22352K, committed 22656K, reserved 1069056K
  class space    used 3263K, capacity 3349K, committed 3456K, reserved 1048576K
}
Event: 3.812 GC heap before
{Heap before GC invocations=16 (full 2):
 PSYoungGen      total 28160K, used 2528K [0x000000076ab00000, 0x000000076d200000, 0x00000007c0000000)
  eden space 25600K, 0% used [0x000000076ab00000,0x000000076ab00000,0x000000076c400000)
  from space 2560K, 98% used [0x000000076cf80000,0x000000076d1f8010,0x000000076d200000)
  to   space 4096K, 0% used [0x000000076ca00000,0x000000076ca00000,0x000000076ce00000)
 ParOldGen       total 9728K, used 9268K [0x00000006c0000000, 0x00000006c0980000, 0x000000076ab00000)
  object space 9728K, 95% used [0x00000006c0000000,0x00000006c090d060,0x00000006c0980000)
 Metaspace       used 22070K, capacity 22352K, committed 22656K, reserved 1069056K
  class space    used 3263K, capacity 3349K, committed 3456K, reserved 1048576K
Event: 3.838 GC heap after
Heap after GC invocations=16 (full 2):
 PSYoungGen      total 28160K, used 0K [0x000000076ab00000, 0x000000076d200000, 0x00000007c0000000)
  eden space 25600K, 0% used [0x000000076ab00000,0x000000076ab00000,0x000000076c400000)
  from space 2560K, 0% used [0x000000076cf80000,0x000000076cf80000,0x000000076d200000)
  to   space 4096K, 0% used [0x000000076ca00000,0x000000076ca00000,0x000000076ce00000)
 ParOldGen       total 13824K, used 9637K [0x00000006c0000000, 0x00000006c0d80000, 0x000000076ab00000)
  object space 13824K, 69% used [0x00000006c0000000,0x00000006c0969440,0x00000006c0d80000)
 Metaspace       used 22070K, capacity 22352K, committed 22656K, reserved 1069056K
  class space    used 3263K, capacity 3349K, committed 3456K, reserved 1048576K
}

